2025-10-27 14:54:27,727 - data_preprocessing - DEBUG - raw data is loaded
2025-10-27 14:54:27,734 - data_preprocessing - DEBUG - dropping columns and modifying data types successful
2025-10-27 14:54:28,147 - data_preprocessing - DEBUG - successfully completed preprocessing
ypes successful
2025-10-27 14:54:28,147 - data_preprocessing - DEBUG - successfully completed preprocessing
2025-10-27 19:02:19,220 - data_preprocessing - ERROR - Failed to complete preprocesing: name 'yaml' is not defined
2025-10-27 19:03:37,222 - data_preprocessing - ERROR - Failed to complete preprocesing: name 'yaml' is not defined
2025-10-27 19:04:30,405 - data_preprocessing - ERROR - File Not Found: [Errno 2] No such file or directory: 'data/raw/global_sustainable_energy_preprocessed.csv'
2025-10-27 19:05:58,115 - data_preprocessing - ERROR - File Not Found: [Errno 2] No such file or directory: 'data/raw/global-sustainable-energy-preprocessed.csv'
2025-10-27 19:06:32,822 - data_preprocessing - DEBUG - raw data is loaded
2025-10-27 19:06:32,826 - data_preprocessing - DEBUG - dropping columns and modifying data types successful
2025-10-27 19:06:32,831 - data_preprocessing - ERROR - Failed to complete preprocesing: Could not convert string '606060606060606060606060606060606060606060' to numeric
2025-10-27 19:10:09,838 - data_preprocessing - DEBUG - raw data is loaded
2025-10-27 19:10:09,838 - data_preprocessing - DEBUG - Dropping irrelevant columns
2025-10-27 19:10:09,842 - data_preprocessing - DEBUG - Starting type conversion
2025-10-27 19:10:09,846 - data_preprocessing - DEBUG - Type conversion finished
2025-10-27 19:10:09,846 - data_preprocessing - DEBUG - dropping columns and modifying data types successful
2025-10-27 19:10:09,846 - data_preprocessing - DEBUG - Starting grouping and imputation
2025-10-27 19:10:10,249 - data_preprocessing - DEBUG - Imputation finished
2025-10-27 19:10:10,249 - data_preprocessing - DEBUG - Starting one-hot encoding
2025-10-27 19:10:10,253 - data_preprocessing - DEBUG - Encoding finished
2025-10-27 19:10:10,253 - data_preprocessing - DEBUG - successfully completed preprocessing
2025-10-27 19:10:10,253 - data_preprocessing - ERROR - Failed to complete preprocesing: 'preprocessed_path'
2025-10-27 19:11:07,028 - data_preprocessing - DEBUG - raw data is loaded
2025-10-27 19:11:07,029 - data_preprocessing - DEBUG - Dropping irrelevant columns
2025-10-27 19:11:07,033 - data_preprocessing - DEBUG - Starting type conversion
2025-10-27 19:11:07,036 - data_preprocessing - DEBUG - Type conversion finished
2025-10-27 19:11:07,037 - data_preprocessing - DEBUG - dropping columns and modifying data types successful
2025-10-27 19:11:07,037 - data_preprocessing - DEBUG - Starting grouping and imputation
2025-10-27 19:11:07,439 - data_preprocessing - DEBUG - Imputation finished
2025-10-27 19:11:07,440 - data_preprocessing - DEBUG - Starting one-hot encoding
2025-10-27 19:11:07,443 - data_preprocessing - DEBUG - Encoding finished
2025-10-27 19:11:07,444 - data_preprocessing - DEBUG - successfully completed preprocessing
2025-10-27 19:11:07,444 - data_preprocessing - ERROR - Failed to complete preprocesing: 'imputation_path'
2025-10-27 19:12:28,828 - data_preprocessing - DEBUG - raw data is loaded
2025-10-27 19:12:28,828 - data_preprocessing - DEBUG - Dropping irrelevant columns
2025-10-27 19:12:28,833 - data_preprocessing - DEBUG - Starting type conversion
2025-10-27 19:12:28,836 - data_preprocessing - DEBUG - Type conversion finished
2025-10-27 19:12:28,837 - data_preprocessing - DEBUG - dropping columns and modifying data types successful
2025-10-27 19:12:28,837 - data_preprocessing - DEBUG - Starting grouping and imputation
2025-10-27 19:12:29,258 - data_preprocessing - DEBUG - Imputation finished
2025-10-27 19:12:29,259 - data_preprocessing - DEBUG - Starting one-hot encoding
2025-10-27 19:12:29,263 - data_preprocessing - DEBUG - Encoding finished
2025-10-27 19:12:29,263 - data_preprocessing - DEBUG - successfully completed preprocessing
2025-10-27 19:12:29,469 - data_preprocessing - ERROR - File Not Found: [Errno 2] No such file or directory: ''
2025-10-27 19:16:54,286 - data_preprocessing - DEBUG - raw data is loaded
2025-10-27 19:16:54,286 - data_preprocessing - DEBUG - Dropping irrelevant columns
2025-10-27 19:16:54,291 - data_preprocessing - DEBUG - Starting type conversion
2025-10-27 19:16:54,294 - data_preprocessing - DEBUG - Type conversion finished
2025-10-27 19:16:54,294 - data_preprocessing - DEBUG - dropping columns and modifying data types successful
2025-10-27 19:16:54,294 - data_preprocessing - DEBUG - Starting grouping and imputation
2025-10-27 19:16:54,721 - data_preprocessing - DEBUG - Imputation finished
2025-10-27 19:16:54,721 - data_preprocessing - DEBUG - Starting one-hot encoding
2025-10-27 19:16:54,725 - data_preprocessing - DEBUG - Encoding finished
2025-10-27 19:16:54,725 - data_preprocessing - DEBUG - successfully completed preprocessing
2025-10-27 19:16:54,936 - data_preprocessing - DEBUG - Imputation values saved to artifacts/imputation_values.json
2025-10-27 19:16:54,939 - data_preprocessing - DEBUG - OHE columns saved to artifacts/ohe_columns.json
2025-10-27 19:19:10,430 - data_preprocessing - DEBUG - raw data is loaded
2025-10-27 19:19:10,430 - data_preprocessing - DEBUG - Dropping irrelevant columns
2025-10-27 19:19:10,434 - data_preprocessing - DEBUG - Starting type conversion
2025-10-27 19:19:10,438 - data_preprocessing - DEBUG - Type conversion finished
2025-10-27 19:19:10,438 - data_preprocessing - DEBUG - dropping columns and modifying data types successful
2025-10-27 19:19:10,438 - data_preprocessing - DEBUG - Starting grouping and imputation
2025-10-27 19:19:10,845 - data_preprocessing - DEBUG - Imputation finished
2025-10-27 19:19:10,846 - data_preprocessing - DEBUG - Starting one-hot encoding
2025-10-27 19:19:10,849 - data_preprocessing - DEBUG - Encoding finished
2025-10-27 19:19:10,850 - data_preprocessing - DEBUG - successfully completed preprocessing
2025-10-27 19:19:11,054 - data_preprocessing - DEBUG - Imputation values saved to artifacts/imputation_values.json
2025-10-27 19:19:11,057 - data_preprocessing - DEBUG - OHE columns saved to artifacts/ohe_columns.json
