2025-10-22 12:53:36,420 - updated_data_preprocessing - ERROR - File Not Found: [Errno 2] No such file or directory: './data/raw/global-data-on-sustainable-energy.csv'
2025-10-22 13:00:37,682 - updated_data_preprocessing - DEBUG - raw data is loaded
2025-10-22 13:00:37,702 - updated_data_preprocessing - DEBUG - dropping columns and modifying data types successful
2025-10-22 13:00:39,040 - updated_data_preprocessing - INFO - Saved imputation values to /home/sejal/mlops-project-1/MLOPS-Project/src/../imputation_values.json
2025-10-22 13:00:39,051 - updated_data_preprocessing - INFO - Saved OHE column names to /home/sejal/mlops-project-1/MLOPS-Project/src/../ohe_columns.json
2025-10-22 13:00:39,052 - updated_data_preprocessing - DEBUG - successfully completed preprocessing
2025-10-23 07:26:01,564 - updated_data_preprocessing - DEBUG - raw data is loaded
2025-10-23 07:26:01,565 - updated_data_preprocessing - DEBUG - Cleaning column names...
2025-10-23 07:26:01,580 - updated_data_preprocessing - DEBUG - Dropped columns: ['Land Area(Km2)', 'Latitude', 'Longitude']
2025-10-23 07:26:01,581 - updated_data_preprocessing - DEBUG - Fixing data types...
2025-10-23 07:26:01,585 - updated_data_preprocessing - ERROR - KeyError in fix_types. Did drop_cols() run? Error: 'Density(P/Km2)'
2025-10-23 07:26:01,585 - updated_data_preprocessing - ERROR - Failed to complete preprocesing: 'Density(P/Km2)'
2025-10-23 07:29:17,551 - updated_data_preprocessing - DEBUG - raw data is loaded
2025-10-23 07:29:17,553 - updated_data_preprocessing - DEBUG - Cleaning column names...
2025-10-23 07:29:17,563 - updated_data_preprocessing - DEBUG - Dropped columns: ['Land Area(Km2)', 'Latitude', 'Longitude']
2025-10-23 07:29:17,564 - updated_data_preprocessing - DEBUG - Fixing data types...
2025-10-23 07:29:17,564 - updated_data_preprocessing - ERROR - KeyError in fix_types. Did drop_cols() run? Error: 'Density(P/Km2)'
2025-10-23 07:29:17,564 - updated_data_preprocessing - ERROR - Failed to complete preprocesing: 'Density(P/Km2)'
2025-10-23 07:29:59,783 - updated_data_preprocessing - DEBUG - raw data is loaded
2025-10-23 07:29:59,783 - updated_data_preprocessing - DEBUG - Cleaning column names...
2025-10-23 07:29:59,785 - updated_data_preprocessing - DEBUG - Dropped columns: ['Land Area(Km2)', 'Latitude', 'Longitude']
2025-10-23 07:29:59,785 - updated_data_preprocessing - DEBUG - Fixing data types...
2025-10-23 07:29:59,786 - updated_data_preprocessing - ERROR - KeyError in fix_types. Did drop_cols() run? Error: 'Density\n(P/Km2)'
2025-10-23 07:29:59,786 - updated_data_preprocessing - ERROR - Failed to complete preprocesing: 'Density\n(P/Km2)'
2025-10-23 07:30:58,663 - updated_data_preprocessing - DEBUG - raw data is loaded
2025-10-23 07:30:58,672 - updated_data_preprocessing - DEBUG - Dropped columns: ['Land Area(Km2)', 'Latitude', 'Longitude']
2025-10-23 07:30:58,672 - updated_data_preprocessing - DEBUG - Fixing data types...
2025-10-23 07:30:58,673 - updated_data_preprocessing - ERROR - KeyError in fix_types. Did drop_cols() run? Error: 'Density\n(P/Km2)'
2025-10-23 07:30:58,673 - updated_data_preprocessing - ERROR - Failed to complete preprocesing: 'Density\n(P/Km2)'
2025-10-23 07:40:04,698 - updated_data_preprocessing - DEBUG - raw data is loaded
2025-10-23 07:40:04,710 - updated_data_preprocessing - DEBUG - Dropped columns: ['Land Area(Km2)', 'Latitude', 'Longitude']
2025-10-23 07:40:04,711 - updated_data_preprocessing - DEBUG - Fixing data types...
2025-10-23 07:40:04,711 - updated_data_preprocessing - ERROR - KeyError in fix_types. Did drop_cols() run? Error: 'Density\n(P/Km2)'
2025-10-23 07:40:04,712 - updated_data_preprocessing - ERROR - Failed to complete preprocesing: 'Density\n(P/Km2)'
2025-10-23 07:41:43,024 - updated_data_preprocessing - DEBUG - raw data is loaded
2025-10-23 07:41:43,027 - updated_data_preprocessing - DEBUG - Dropped columns: ['Land Area(Km2)', 'Latitude', 'Longitude']
2025-10-23 07:41:43,027 - updated_data_preprocessing - DEBUG - Fixing data types...
2025-10-23 07:41:43,028 - updated_data_preprocessing - ERROR - KeyError in fix_types. Did drop_cols() run? Error: 'Density\n(P/Km2)'
2025-10-23 07:41:43,029 - updated_data_preprocessing - ERROR - Failed to complete preprocesing: 'Density\n(P/Km2)'
2025-10-23 07:43:29,447 - updated_data_preprocessing - DEBUG - raw data is loaded
2025-10-23 07:43:29,447 - updated_data_preprocessing - DEBUG - Cleaning column names...
2025-10-23 07:43:29,448 - updated_data_preprocessing - DEBUG - Column names cleaned. 'Density\n(P/Km2)' is now 'Density(P/Km2)'.
2025-10-23 07:43:29,451 - updated_data_preprocessing - DEBUG - Fixing data types...
2025-10-23 07:43:29,451 - updated_data_preprocessing - ERROR - KeyError in fix_types. This is the bug. Error: 'Density(P/Km2)'
2025-10-23 07:43:29,451 - updated_data_preprocessing - ERROR - Failed to complete preprocesing: 'Density(P/Km2)'
2025-10-23 07:45:09,180 - updated_data_preprocessing - DEBUG - raw data is loaded
2025-10-23 07:45:09,181 - updated_data_preprocessing - DEBUG - Cleaning column names...
2025-10-23 07:45:09,182 - updated_data_preprocessing - DEBUG - Column names cleaned. 'Density\n(P/Km2)' is now 'Density(P/Km2)'.
2025-10-23 07:45:09,184 - updated_data_preprocessing - DEBUG - Fixing data types...
2025-10-23 07:45:09,187 - updated_data_preprocessing - DEBUG - Converted 'Density(P/Km2)' and 'Year'.
2025-10-23 07:45:09,188 - updated_data_preprocessing - DEBUG - dropping columns and modifying data types successful
2025-10-23 07:45:09,188 - updated_data_preprocessing - DEBUG - Starting imputation...
2025-10-23 07:45:09,189 - updated_data_preprocessing - DEBUG - Applying groupby transform for complex imputation...
2025-10-23 07:45:09,720 - updated_data_preprocessing - DEBUG - Applying global imputation for remaining NaNs...
2025-10-23 07:45:09,729 - updated_data_preprocessing - INFO - Saved imputation values to /home/sejal/mlops-project-1/MLOPS-Project/src/../imputation_values.json
2025-10-23 07:45:09,729 - updated_data_preprocessing - DEBUG - Imputation complete.
2025-10-23 07:45:09,729 - updated_data_preprocessing - DEBUG - Applying One-Hot Encoding...
2025-10-23 07:45:09,734 - updated_data_preprocessing - DEBUG - Dropping target-related column...
2025-10-23 07:45:09,740 - updated_data_preprocessing - INFO - Saved 191 OHE column names to /home/sejal/mlops-project-1/MLOPS-Project/src/../ohe_columns.json
2025-10-23 07:45:09,741 - updated_data_preprocessing - DEBUG - successfully completed preprocessing
2025-10-23 07:45:09,941 - updated_data_preprocessing - INFO - Saved preprocessed data to /home/sejal/mlops-project-1/MLOPS-Project/data/processed/global_sustainable_energy_preprocessed.csv
2025-10-23 07:50:44,190 - updated_data_preprocessing - DEBUG - raw data is loaded
2025-10-23 07:50:44,192 - updated_data_preprocessing - DEBUG - Cleaning column names...
2025-10-23 07:50:44,195 - updated_data_preprocessing - DEBUG - Column names cleaned. 'Density\n(P/Km2)' is now 'Density(P/Km2)'.
2025-10-23 07:50:44,196 - updated_data_preprocessing - DEBUG - Dropping columns: ['Land Area(Km2)', 'Latitude', 'Longitude']
2025-10-23 07:50:44,208 - updated_data_preprocessing - DEBUG - Fixing data types...
2025-10-23 07:50:44,213 - updated_data_preprocessing - DEBUG - Converted 'Density(P/Km2)' and 'Year'.
2025-10-23 07:50:44,213 - updated_data_preprocessing - DEBUG - dropping columns and modifying data types successful
2025-10-23 07:50:44,213 - updated_data_preprocessing - DEBUG - Starting imputation...
2025-10-23 07:50:44,214 - updated_data_preprocessing - DEBUG - Applying groupby transform for complex imputation...
2025-10-23 07:50:44,740 - updated_data_preprocessing - DEBUG - Applying global imputation for remaining NaNs...
2025-10-23 07:50:44,744 - updated_data_preprocessing - INFO - Saved imputation values to /home/sejal/mlops-project-1/MLOPS-Project/src/../imputation_values.json
2025-10-23 07:50:44,744 - updated_data_preprocessing - DEBUG - Imputation complete.
2025-10-23 07:50:44,745 - updated_data_preprocessing - DEBUG - Applying One-Hot Encoding...
2025-10-23 07:50:44,751 - updated_data_preprocessing - DEBUG - Dropping target-related column...
2025-10-23 07:50:44,755 - updated_data_preprocessing - INFO - Saved 191 OHE column names to /home/sejal/mlops-project-1/MLOPS-Project/src/../ohe_columns.json
2025-10-23 07:50:44,755 - updated_data_preprocessing - DEBUG - successfully completed preprocessing
2025-10-23 07:50:44,946 - updated_data_preprocessing - INFO - Saved preprocessed data to /home/sejal/mlops-project-1/MLOPS-Project/data/processed/global_sustainable_energy_preprocessed.csv
2025-10-23 07:56:40,685 - updated_data_preprocessing - DEBUG - raw data is loaded
2025-10-23 07:56:40,686 - updated_data_preprocessing - DEBUG - Cleaning column names...
2025-10-23 07:56:40,688 - updated_data_preprocessing - DEBUG - Column names cleaned. 'Density\n(P/Km2)' is now 'Density(P/Km2)'.
2025-10-23 07:56:40,688 - updated_data_preprocessing - DEBUG - Dropping columns: ['Land Area(Km2)', 'Latitude', 'Longitude']
2025-10-23 07:56:40,700 - updated_data_preprocessing - DEBUG - Fixing data types...
2025-10-23 07:56:40,704 - updated_data_preprocessing - DEBUG - Converted 'Density(P/Km2)' and 'Year'.
2025-10-23 07:56:40,704 - updated_data_preprocessing - DEBUG - dropping columns and modifying data types successful
2025-10-23 07:56:40,704 - updated_data_preprocessing - DEBUG - Starting imputation...
2025-10-23 07:56:40,706 - updated_data_preprocessing - DEBUG - Applying groupby transform for complex imputation...
2025-10-23 07:56:41,270 - updated_data_preprocessing - DEBUG - Applying global imputation for remaining NaNs...
2025-10-23 07:56:41,275 - updated_data_preprocessing - INFO - Saved imputation values to /home/sejal/mlops-project-1/MLOPS-Project/src/../imputation_values.json
2025-10-23 07:56:41,275 - updated_data_preprocessing - DEBUG - Imputation complete.
2025-10-23 07:56:41,275 - updated_data_preprocessing - DEBUG - Applying One-Hot Encoding...
2025-10-23 07:56:41,280 - updated_data_preprocessing - INFO - Shape *before* dropping column: (3649, 192)
2025-10-23 07:56:41,281 - updated_data_preprocessing - DEBUG - Dropping target-related column...
2025-10-23 07:56:41,283 - updated_data_preprocessing - INFO - Shape *after* dropping column: (3649, 191)
2025-10-23 07:56:41,284 - updated_data_preprocessing - INFO - Final list length is 191
2025-10-23 07:56:41,284 - updated_data_preprocessing - INFO - Saved 191 OHE column names to /home/sejal/mlops-project-1/MLOPS-Project/src/../ohe_columns.json
2025-10-23 07:56:41,285 - updated_data_preprocessing - DEBUG - successfully completed preprocessing
2025-10-23 07:56:41,471 - updated_data_preprocessing - INFO - Saved preprocessed data to /home/sejal/mlops-project-1/MLOPS-Project/data/processed/global_sustainable_energy_preprocessed.csv
2025-10-23 07:59:36,789 - updated_data_preprocessing - DEBUG - raw data is loaded
2025-10-23 07:59:36,790 - updated_data_preprocessing - DEBUG - Cleaning column names...
2025-10-23 07:59:36,792 - updated_data_preprocessing - DEBUG - Column names cleaned. 'Density\n(P/Km2)' is now 'Density(P/Km2)'.
2025-10-23 07:59:36,793 - updated_data_preprocessing - DEBUG - Dropping columns: ['Land Area(Km2)', 'Latitude', 'Longitude']
2025-10-23 07:59:36,802 - updated_data_preprocessing - DEBUG - Fixing data types...
2025-10-23 07:59:36,806 - updated_data_preprocessing - DEBUG - Converted 'Density(P/Km2)' and 'Year'.
2025-10-23 07:59:36,806 - updated_data_preprocessing - DEBUG - dropping columns and modifying data types successful
2025-10-23 07:59:36,807 - updated_data_preprocessing - DEBUG - Starting imputation...
2025-10-23 07:59:36,809 - updated_data_preprocessing - DEBUG - Applying groupby transform for complex imputation...
2025-10-23 07:59:37,467 - updated_data_preprocessing - DEBUG - Applying global imputation for remaining NaNs...
2025-10-23 07:59:37,473 - updated_data_preprocessing - INFO - Saved imputation values to /home/sejal/mlops-project-1/MLOPS-Project/src/../imputation_values.json
2025-10-23 07:59:37,473 - updated_data_preprocessing - DEBUG - Imputation complete.
2025-10-23 07:59:37,473 - updated_data_preprocessing - DEBUG - Applying One-Hot Encoding...
2025-10-23 07:59:37,479 - updated_data_preprocessing - INFO - Shape *before* dropping column: (3649, 192)
2025-10-23 07:59:37,479 - updated_data_preprocessing - DEBUG - Dropping target-related column...
2025-10-23 07:59:37,481 - updated_data_preprocessing - INFO - Shape *after* dropping column: (3649, 191)
2025-10-23 07:59:37,481 - updated_data_preprocessing - INFO - Removing target variable 'Renewable-electricity-generating-capacity-per-capita' from OHE list.
2025-10-23 07:59:37,481 - updated_data_preprocessing - INFO - Final feature list length is 190
2025-10-23 07:59:37,481 - updated_data_preprocessing - INFO - Saved 190 OHE column names to /home/sejal/mlops-project-1/MLOPS-Project/src/../ohe_columns.json
2025-10-23 07:59:37,482 - updated_data_preprocessing - DEBUG - successfully completed preprocessing
2025-10-23 07:59:37,689 - updated_data_preprocessing - INFO - Saved preprocessed data to /home/sejal/mlops-project-1/MLOPS-Project/data/processed/global_sustainable_energy_preprocessed.csv
